# JRE version: Java(TM) SE Runtime Environment (8.0_281-b09) (build 1.8.0_281-b09)
# Java VM: Java HotSpot(TM) 64-Bit Server VM (25.281-b09 mixed mode windows-amd64 compressed oops)
Heap:
 PSYoungGen      total 626688K, used 406605K [0x00000000d5580000, 0x00000000ffd80000, 0x0000000100000000)
  eden space 562176K, 70% used [0x00000000d5580000,0x00000000ed8da7e0,0x00000000f7a80000)
  from space 64512K, 15% used [0x00000000fbe80000,0x00000000fc838cd0,0x00000000ffd80000)
  to   space 67072K, 0% used [0x00000000f7a80000,0x00000000f7a80000,0x00000000fbc00000)
 ParOldGen       total 219136K, used 158641K [0x0000000080000000, 0x000000008d600000, 0x00000000d5580000)
  object space 219136K, 72% used [0x0000000080000000,0x0000000089aec7c0,0x000000008d600000)
 Metaspace       used 128922K, capacity 135596K, committed 135680K, reserved 1167360K
  class space    used 16714K, capacity 17897K, committed 17920K, reserved 1048576K
GC Heap History (10 events):
Event: 676.776 GC heap before
{Heap before GC invocations=32 (full 4):
 PSYoungGen      total 545792K, used 497408K [0x00000000d5580000, 0x00000000ffa80000, 0x0000000100000000)
  eden space 467456K, 100% used [0x00000000d5580000,0x00000000f1e00000,0x00000000f1e00000)
  from space 78336K, 38% used [0x00000000f1e00000,0x00000000f3b40148,0x00000000f6a80000)
  to   space 75264K, 0% used [0x00000000fb100000,0x00000000fb100000,0x00000000ffa80000)
 ParOldGen       total 219136K, used 149736K [0x0000000080000000, 0x000000008d600000, 0x00000000d5580000)
  object space 219136K, 68% used [0x0000000080000000,0x000000008923a240,0x000000008d600000)
 Metaspace       used 121676K, capacity 128126K, committed 128384K, reserved 1161216K
  class space    used 15810K, capacity 16953K, committed 17024K, reserved 1048576K
Event: 676.871 GC heap after
Heap after GC invocations=32 (full 4):
 PSYoungGen      total 602624K, used 29890K [0x00000000d5580000, 0x00000000fef80000, 0x0000000100000000)
  eden space 538624K, 0% used [0x00000000d5580000,0x00000000d5580000,0x00000000f6380000)
  from space 64000K, 46% used [0x00000000fb100000,0x00000000fce30948,0x00000000fef80000)
  to   space 71680K, 0% used [0x00000000f6380000,0x00000000f6380000,0x00000000fa980000)
 ParOldGen       total 219136K, used 155080K [0x0000000080000000, 0x000000008d600000, 0x00000000d5580000)
  object space 219136K, 70% used [0x0000000080000000,0x00000000897723f0,0x000000008d600000)
 Metaspace       used 121676K, capacity 128126K, committed 128384K, reserved 1161216K
  class space    used 15810K, capacity 16953K, committed 17024K, reserved 1048576K
}
Event: 684.319 GC heap before
{Heap before GC invocations=33 (full 4):
 PSYoungGen      total 602624K, used 568514K [0x00000000d5580000, 0x00000000fef80000, 0x0000000100000000)
  eden space 538624K, 100% used [0x00000000d5580000,0x00000000f6380000,0x00000000f6380000)
  from space 64000K, 46% used [0x00000000fb100000,0x00000000fce30948,0x00000000fef80000)
  to   space 71680K, 0% used [0x00000000f6380000,0x00000000f6380000,0x00000000fa980000)
 ParOldGen       total 219136K, used 155080K [0x0000000080000000, 0x000000008d600000, 0x00000000d5580000)
  object space 219136K, 70% used [0x0000000080000000,0x00000000897723f0,0x000000008d600000)
 Metaspace       used 121693K, capacity 128126K, committed 128384K, reserved 1161216K
  class space    used 15810K, capacity 16953K, committed 17024K, reserved 1048576K
Event: 684.444 GC heap after
Heap after GC invocations=33 (full 4):
 PSYoungGen      total 610304K, used 18984K [0x00000000d5580000, 0x00000000fef80000, 0x0000000100000000)
  eden space 538624K, 0% used [0x00000000d5580000,0x00000000d5580000,0x00000000f6380000)
  from space 71680K, 26% used [0x00000000f6380000,0x00000000f760a000,0x00000000fa980000)
  to   space 64000K, 0% used [0x00000000fb100000,0x00000000fb100000,0x00000000fef80000)
 ParOldGen       total 219136K, used 158633K [0x0000000080000000, 0x000000008d600000, 0x00000000d5580000)
  object space 219136K, 72% used [0x0000000080000000,0x0000000089aea7c0,0x000000008d600000)
 Metaspace       used 121693K, capacity 128126K, committed 128384K, reserved 1161216K
  class space    used 15810K, capacity 16953K, committed 17024K, reserved 1048576K
}
Event: 690.501 GC heap before
{Heap before GC invocations=34 (full 4):
 PSYoungGen      total 610304K, used 557608K [0x00000000d5580000, 0x00000000fef80000, 0x0000000100000000)
  eden space 538624K, 100% used [0x00000000d5580000,0x00000000f6380000,0x00000000f6380000)
  from space 71680K, 26% used [0x00000000f6380000,0x00000000f760a000,0x00000000fa980000)
  to   space 64000K, 0% used [0x00000000fb100000,0x00000000fb100000,0x00000000fef80000)
 ParOldGen       total 219136K, used 158633K [0x0000000080000000, 0x000000008d600000, 0x00000000d5580000)
  object space 219136K, 72% used [0x0000000080000000,0x0000000089aea7c0,0x000000008d600000)
 Metaspace       used 121771K, capacity 128232K, committed 128384K, reserved 1161216K
  class space    used 15821K, capacity 16972K, committed 17024K, reserved 1048576K
Event: 690.561 GC heap after
Heap after GC invocations=34 (full 4):
 PSYoungGen      total 612352K, used 14865K [0x00000000d5580000, 0x0000000100000000, 0x0000000100000000)
  eden space 548352K, 0% used [0x00000000d5580000,0x00000000d5580000,0x00000000f6d00000)
  from space 64000K, 23% used [0x00000000fb100000,0x00000000fbf84498,0x00000000fef80000)
  to   space 69632K, 0% used [0x00000000f6d00000,0x00000000f6d00000,0x00000000fb100000)
 ParOldGen       total 219136K, used 158633K [0x0000000080000000, 0x000000008d600000, 0x00000000d5580000)
  object space 219136K, 72% used [0x0000000080000000,0x0000000089aea7c0,0x000000008d600000)
 Metaspace       used 121771K, capacity 128232K, committed 128384K, reserved 1161216K
  class space    used 15821K, capacity 16972K, committed 17024K, reserved 1048576K
}
Event: 694.573 GC heap before
{Heap before GC invocations=35 (full 4):
 PSYoungGen      total 612352K, used 563217K [0x00000000d5580000, 0x0000000100000000, 0x0000000100000000)
  eden space 548352K, 100% used [0x00000000d5580000,0x00000000f6d00000,0x00000000f6d00000)
  from space 64000K, 23% used [0x00000000fb100000,0x00000000fbf84498,0x00000000fef80000)
  to   space 69632K, 0% used [0x00000000f6d00000,0x00000000f6d00000,0x00000000fb100000)
 ParOldGen       total 219136K, used 158633K [0x0000000080000000, 0x000000008d600000, 0x00000000d5580000)
  object space 219136K, 72% used [0x0000000080000000,0x0000000089aea7c0,0x000000008d600000)
 Metaspace       used 121800K, capacity 128242K, committed 128384K, reserved 1161216K
  class space    used 15822K, capacity 16973K, committed 17024K, reserved 1048576K
Event: 694.623 GC heap after
Heap after GC invocations=35 (full 4):
 PSYoungGen      total 617984K, used 21883K [0x00000000d5580000, 0x0000000100000000, 0x0000000100000000)
  eden space 548352K, 0% used [0x00000000d5580000,0x00000000d5580000,0x00000000f6d00000)
  from space 69632K, 31% used [0x00000000f6d00000,0x00000000f825ee40,0x00000000fb100000)
  to   space 67072K, 0% used [0x00000000fbe80000,0x00000000fbe80000,0x0000000100000000)
 ParOldGen       total 219136K, used 158633K [0x0000000080000000, 0x000000008d600000, 0x00000000d5580000)
  object space 219136K, 72% used [0x0000000080000000,0x0000000089aea7c0,0x000000008d600000)
 Metaspace       used 121800K, capacity 128242K, committed 128384K, reserved 1161216K
  class space    used 15822K, capacity 16973K, committed 17024K, reserved 1048576K
}
Event: 705.338 GC heap before
{Heap before GC invocations=36 (full 4):
 PSYoungGen      total 617984K, used 570235K [0x00000000d5580000, 0x0000000100000000, 0x0000000100000000)
  eden space 548352K, 100% used [0x00000000d5580000,0x00000000f6d00000,0x00000000f6d00000)
  from space 69632K, 31% used [0x00000000f6d00000,0x00000000f825ee40,0x00000000fb100000)
  to   space 67072K, 0% used [0x00000000fbe80000,0x00000000fbe80000,0x0000000100000000)
 ParOldGen       total 219136K, used 158633K [0x0000000080000000, 0x000000008d600000, 0x00000000d5580000)
  object space 219136K, 72% used [0x0000000080000000,0x0000000089aea7c0,0x000000008d600000)
 Metaspace       used 126769K, capacity 133348K, committed 133376K, reserved 1165312K
  class space    used 16467K, capacity 17661K, committed 17664K, reserved 1048576K
Event: 705.362 GC heap after
Heap after GC invocations=36 (full 4):
 PSYoungGen      total 626688K, used 9955K [0x00000000d5580000, 0x00000000ffd80000, 0x0000000100000000)
  eden space 562176K, 0% used [0x00000000d5580000,0x00000000d5580000,0x00000000f7a80000)
  from space 64512K, 15% used [0x00000000fbe80000,0x00000000fc838cd0,0x00000000ffd80000)
  to   space 67072K, 0% used [0x00000000f7a80000,0x00000000f7a80000,0x00000000fbc00000)
 ParOldGen       total 219136K, used 158641K [0x0000000080000000, 0x000000008d600000, 0x00000000d5580000)
  object space 219136K, 72% used [0x0000000080000000,0x0000000089aec7c0,0x000000008d600000)
 Metaspace       used 126769K, capacity 133348K, committed 133376K, reserved 1165312K
  class space    used 16467K, capacity 17661K, committed 17664K, reserved 1048576K
}

